<?xml version="1.0" encoding="UTF-8"?>
<!-- Generated by org.testng.reporters.JUnitReportReporter -->
<testsuite ignored="0" hostname="DESKTOP-S1MSO2N" failures="0" tests="2" name="test.SampleTest" time="16.447" errors="0" timestamp="12 Nov 2018 17:35:21 GMT" skipped="0">
  <testcase classname="test.SampleTest" name="test1" time="8.767"/>
  <testcase classname="test.SampleTest" name="test2" time="7.680"/>
</testsuite> <!-- test.SampleTest -->
